<?xml version="1.0" encoding="UTF-8"?>
<coverage generated="1729497603500" clover="3.2.0">
  <project timestamp="1729497603501" name="All files">
    <metrics statements="104" coveredstatements="19" conditionals="52" coveredconditionals="17" methods="27" coveredmethods="3" elements="183" coveredelements="39" complexity="0" loc="104" ncloc="104" packages="1" files="5" classes="5"/>
    <file name="background.ts" path="D:\CODE\chrome extension\myTest\src\background.ts">
      <metrics statements="9" coveredstatements="0" conditionals="1" coveredconditionals="0" methods="3" coveredmethods="0"/>
      <line num="1" count="0" type="stmt"/>
      <line num="4" count="0" type="stmt"/>
      <line num="5" count="0" type="stmt"/>
      <line num="10" count="0" type="stmt"/>
      <line num="11" count="0" type="stmt"/>
      <line num="13" count="0" type="stmt"/>
      <line num="14" count="0" type="cond" truecount="0" falsecount="1"/>
      <line num="15" count="0" type="stmt"/>
      <line num="20" count="0" type="stmt"/>
    </file>
    <file name="common.ts" path="D:\CODE\chrome extension\myTest\src\common.ts">
      <metrics statements="3" coveredstatements="0" conditionals="2" coveredconditionals="0" methods="1" coveredmethods="0"/>
      <line num="1" count="0" type="stmt"/>
      <line num="2" count="0" type="cond" truecount="0" falsecount="2"/>
      <line num="3" count="0" type="stmt"/>
    </file>
    <file name="content.ts" path="D:\CODE\chrome extension\myTest\src\content.ts">
      <metrics statements="42" coveredstatements="19" conditionals="35" coveredconditionals="17" methods="7" coveredmethods="3"/>
      <line num="3" count="1" type="stmt"/>
      <line num="4" count="1" type="stmt"/>
      <line num="12" count="8" type="cond" truecount="1" falsecount="0"/>
      <line num="13" count="4" type="stmt"/>
      <line num="15" count="8" type="cond" truecount="1" falsecount="0"/>
      <line num="20" count="1" type="stmt"/>
      <line num="21" count="1" type="cond" truecount="0" falsecount="1"/>
      <line num="22" count="0" type="stmt"/>
      <line num="24" count="1" type="cond" truecount="2" falsecount="1"/>
      <line num="26" count="0" type="stmt"/>
      <line num="28" count="1" type="cond" truecount="4" falsecount="1"/>
      <line num="29" count="1" type="stmt"/>
      <line num="35" count="1" type="stmt"/>
      <line num="36" count="1" type="stmt"/>
      <line num="49" count="1" type="stmt"/>
      <line num="50" count="0" type="stmt"/>
      <line num="51" count="0" type="cond" truecount="0" falsecount="2"/>
      <line num="52" count="0" type="stmt"/>
      <line num="54" count="0" type="stmt"/>
      <line num="60" count="1" type="stmt"/>
      <line num="62" count="0" type="stmt"/>
      <line num="64" count="0" type="cond" truecount="0" falsecount="1"/>
      <line num="69" count="0" type="stmt"/>
      <line num="73" count="1" type="stmt"/>
      <line num="74" count="1" type="cond" truecount="3" falsecount="0"/>
      <line num="75" count="1" type="stmt"/>
      <line num="82" count="1" type="stmt"/>
      <line num="87" count="1" type="stmt"/>
      <line num="88" count="0" type="stmt"/>
      <line num="89" count="0" type="cond" truecount="0" falsecount="1"/>
      <line num="90" count="0" type="stmt"/>
      <line num="91" count="0" type="stmt"/>
      <line num="92" count="0" type="cond" truecount="0" falsecount="2"/>
      <line num="97" count="0" type="stmt"/>
      <line num="99" count="0" type="stmt"/>
      <line num="102" count="0" type="cond" truecount="0" falsecount="1"/>
      <line num="103" count="0" type="stmt"/>
      <line num="108" count="0" type="stmt"/>
      <line num="109" count="0" type="cond" truecount="0" falsecount="1"/>
      <line num="110" count="0" type="stmt"/>
      <line num="113" count="0" type="stmt"/>
      <line num="117" count="0" type="stmt"/>
    </file>
    <file name="options.ts" path="D:\CODE\chrome extension\myTest\src\options.ts">
      <metrics statements="17" coveredstatements="0" conditionals="6" coveredconditionals="0" methods="5" coveredmethods="0"/>
      <line num="2" count="0" type="stmt"/>
      <line num="4" count="0" type="stmt"/>
      <line num="5" count="0" type="stmt"/>
      <line num="6" count="0" type="cond" truecount="0" falsecount="4"/>
      <line num="7" count="0" type="stmt"/>
      <line num="8" count="0" type="stmt"/>
      <line num="9" count="0" type="stmt"/>
      <line num="10" count="0" type="cond" truecount="0" falsecount="1"/>
      <line num="11" count="0" type="stmt"/>
      <line num="12" count="0" type="stmt"/>
      <line num="13" count="0" type="stmt"/>
      <line num="15" count="0" type="stmt"/>
      <line num="18" count="0" type="stmt"/>
      <line num="19" count="0" type="stmt"/>
      <line num="20" count="0" type="cond" truecount="0" falsecount="1"/>
      <line num="21" count="0" type="stmt"/>
      <line num="29" count="0" type="stmt"/>
    </file>
    <file name="popup.ts" path="D:\CODE\chrome extension\myTest\src\popup.ts">
      <metrics statements="33" coveredstatements="0" conditionals="8" coveredconditionals="0" methods="11" coveredmethods="0"/>
      <line num="1" count="0" type="stmt"/>
      <line num="2" count="0" type="stmt"/>
      <line num="4" count="0" type="stmt"/>
      <line num="7" count="0" type="stmt"/>
      <line num="8" count="0" type="stmt"/>
      <line num="9" count="0" type="stmt"/>
      <line num="10" count="0" type="stmt"/>
      <line num="12" count="0" type="stmt"/>
      <line num="13" count="0" type="cond" truecount="0" falsecount="1"/>
      <line num="14" count="0" type="stmt"/>
      <line num="15" count="0" type="stmt"/>
      <line num="17" count="0" type="stmt"/>
      <line num="18" count="0" type="stmt"/>
      <line num="21" count="0" type="stmt"/>
      <line num="24" count="0" type="stmt"/>
      <line num="31" count="0" type="stmt"/>
      <line num="34" count="0" type="stmt"/>
      <line num="37" count="0" type="stmt"/>
      <line num="40" count="0" type="stmt"/>
      <line num="46" count="0" type="stmt"/>
      <line num="47" count="0" type="stmt"/>
      <line num="48" count="0" type="cond" truecount="0" falsecount="2"/>
      <line num="50" count="0" type="stmt"/>
      <line num="51" count="0" type="cond" truecount="0" falsecount="1"/>
      <line num="52" count="0" type="stmt"/>
      <line num="57" count="0" type="stmt"/>
      <line num="58" count="0" type="cond" truecount="0" falsecount="2"/>
      <line num="59" count="0" type="stmt"/>
      <line num="61" count="0" type="stmt"/>
      <line num="64" count="0" type="cond" truecount="0" falsecount="2"/>
      <line num="65" count="0" type="stmt"/>
      <line num="66" count="0" type="stmt"/>
      <line num="69" count="0" type="stmt"/>
    </file>
  </project>
</coverage>
