{"D:\\CODE\\chrome extension\\myTest\\src\\background.ts": {"path":"D:\\CODE\\chrome extension\\myTest\\src\\background.ts","statementMap":{"0":{"start":{"line":1,"column":0},"end":{"line":1,"column":39}},"1":{"start":{"line":4,"column":2},"end":{"line":6,"column":null}},"2":{"start":{"line":5,"column":4},"end":{"line":5,"column":null}},"3":{"start":{"line":10,"column":0},"end":{"line":10,"column":null}},"4":{"start":{"line":11,"column":0},"end":{"line":11,"column":null}},"5":{"start":{"line":13,"column":0},"end":{"line":22,"column":null}},"6":{"start":{"line":14,"column":2},"end":{"line":21,"column":3}},"7":{"start":{"line":15,"column":4},"end":{"line":19,"column":null}},"8":{"start":{"line":20,"column":4},"end":{"line":20,"column":null}}},"fnMap":{"0":{"name":"startUp","decl":{"start":{"line":3,"column":9},"end":{"line":3,"column":16}},"loc":{"start":{"line":3,"column":16},"end":{"line":7,"column":1}}},"1":{"name":"(anonymous_1)","decl":{"start":{"line":4,"column":37},"end":{"line":4,"column":38}},"loc":{"start":{"line":4,"column":46},"end":{"line":6,"column":3}}},"2":{"name":"(anonymous_2)","decl":{"start":{"line":13,"column":37},"end":{"line":13,"column":38}},"loc":{"start":{"line":13,"column":71},"end":{"line":22,"column":1}}}},"branchMap":{"0":{"loc":{"start":{"line":14,"column":2},"end":{"line":21,"column":3}},"type":"if","locations":[{"start":{"line":14,"column":2},"end":{"line":21,"column":3}}]}},"s":{"0":0,"1":0,"2":0,"3":0,"4":0,"5":0,"6":0,"7":0,"8":0},"f":{"0":0,"1":0,"2":0},"b":{"0":[0]}}
,"D:\\CODE\\chrome extension\\myTest\\src\\common.ts": {"path":"D:\\CODE\\chrome extension\\myTest\\src\\common.ts","statementMap":{"0":{"start":{"line":1,"column":0},"end":{"line":1,"column":16}},"1":{"start":{"line":2,"column":15},"end":{"line":2,"column":37}},"2":{"start":{"line":3,"column":2},"end":{"line":3,"column":null}}},"fnMap":{"0":{"name":"setBadgeText","decl":{"start":{"line":1,"column":16},"end":{"line":1,"column":28}},"loc":{"start":{"line":1,"column":45},"end":{"line":4,"column":1}}}},"branchMap":{"0":{"loc":{"start":{"line":2,"column":15},"end":{"line":2,"column":37}},"type":"cond-expr","locations":[{"start":{"line":2,"column":25},"end":{"line":2,"column":29}},{"start":{"line":2,"column":32},"end":{"line":2,"column":37}}]}},"s":{"0":0,"1":0,"2":0},"f":{"0":0},"b":{"0":[0,0]}}
,"D:\\CODE\\chrome extension\\myTest\\src\\content.ts": {"path":"D:\\CODE\\chrome extension\\myTest\\src\\content.ts","statementMap":{"0":{"start":{"line":73,"column":0},"end":{"line":73,"column":16}},"1":{"start":{"line":3,"column":13},"end":{"line":3,"column":null}},"2":{"start":{"line":4,"column":11},"end":{"line":8,"column":null}},"3":{"start":{"line":12,"column":2},"end":{"line":14,"column":3}},"4":{"start":{"line":13,"column":4},"end":{"line":13,"column":null}},"5":{"start":{"line":15,"column":2},"end":{"line":31,"column":3}},"6":{"start":{"line":20,"column":19},"end":{"line":20,"column":37}},"7":{"start":{"line":21,"column":4},"end":{"line":23,"column":5}},"8":{"start":{"line":22,"column":6},"end":{"line":22,"column":12}},"9":{"start":{"line":24,"column":4},"end":{"line":27,"column":5}},"10":{"start":{"line":26,"column":6},"end":{"line":26,"column":12}},"11":{"start":{"line":28,"column":4},"end":{"line":30,"column":5}},"12":{"start":{"line":29,"column":6},"end":{"line":29,"column":null}},"13":{"start":{"line":35,"column":2},"end":{"line":35,"column":null}},"14":{"start":{"line":36,"column":2},"end":{"line":45,"column":null}},"15":{"start":{"line":49,"column":17},"end":{"line":57,"column":2}},"16":{"start":{"line":50,"column":2},"end":{"line":56,"column":null}},"17":{"start":{"line":51,"column":4},"end":{"line":55,"column":5}},"18":{"start":{"line":52,"column":6},"end":{"line":52,"column":null}},"19":{"start":{"line":54,"column":6},"end":{"line":54,"column":null}},"20":{"start":{"line":60,"column":0},"end":{"line":71,"column":null}},"21":{"start":{"line":62,"column":2},"end":{"line":62,"column":null}},"22":{"start":{"line":64,"column":2},"end":{"line":70,"column":3}},"23":{"start":{"line":69,"column":4},"end":{"line":69,"column":null}},"24":{"start":{"line":74,"column":2},"end":{"line":83,"column":3}},"25":{"start":{"line":75,"column":4},"end":{"line":80,"column":null}},"26":{"start":{"line":82,"column":4},"end":{"line":82,"column":null}},"27":{"start":{"line":87,"column":0},"end":{"line":118,"column":null}},"28":{"start":{"line":88,"column":18},"end":{"line":88,"column":36}},"29":{"start":{"line":89,"column":2},"end":{"line":101,"column":3}},"30":{"start":{"line":90,"column":4},"end":{"line":90,"column":null}},"31":{"start":{"line":91,"column":4},"end":{"line":91,"column":null}},"32":{"start":{"line":92,"column":4},"end":{"line":100,"column":5}},"33":{"start":{"line":97,"column":6},"end":{"line":97,"column":null}},"34":{"start":{"line":99,"column":6},"end":{"line":99,"column":null}},"35":{"start":{"line":102,"column":2},"end":{"line":112,"column":3}},"36":{"start":{"line":103,"column":4},"end":{"line":107,"column":null}},"37":{"start":{"line":108,"column":4},"end":{"line":108,"column":null}},"38":{"start":{"line":109,"column":4},"end":{"line":111,"column":5}},"39":{"start":{"line":110,"column":6},"end":{"line":110,"column":null}},"40":{"start":{"line":113,"column":32},"end":{"line":116,"column":null}},"41":{"start":{"line":117,"column":2},"end":{"line":117,"column":null}}},"fnMap":{"0":{"name":"processNode","decl":{"start":{"line":11,"column":9},"end":{"line":11,"column":20}},"loc":{"start":{"line":11,"column":31},"end":{"line":32,"column":1}}},"1":{"name":"blurElement","decl":{"start":{"line":34,"column":9},"end":{"line":34,"column":20}},"loc":{"start":{"line":34,"column":38},"end":{"line":46,"column":1}}},"2":{"name":"(anonymous_2)","decl":{"start":{"line":49,"column":38},"end":{"line":49,"column":39}},"loc":{"start":{"line":49,"column":52},"end":{"line":57,"column":1}}},"3":{"name":"(anonymous_3)","decl":{"start":{"line":50,"column":20},"end":{"line":50,"column":21}},"loc":{"start":{"line":50,"column":33},"end":{"line":56,"column":3}}},"4":{"name":"(anonymous_4)","decl":{"start":{"line":60,"column":30},"end":{"line":60,"column":31}},"loc":{"start":{"line":60,"column":39},"end":{"line":71,"column":1}}},"5":{"name":"observe","decl":{"start":{"line":73,"column":16},"end":{"line":73,"column":23}},"loc":{"start":{"line":73,"column":23},"end":{"line":84,"column":1}}},"6":{"name":"(anonymous_6)","decl":{"start":{"line":87,"column":37},"end":{"line":87,"column":38}},"loc":{"start":{"line":87,"column":71},"end":{"line":118,"column":1}}}},"branchMap":{"0":{"loc":{"start":{"line":12,"column":2},"end":{"line":14,"column":3}},"type":"if","locations":[{"start":{"line":12,"column":2},"end":{"line":14,"column":3}}]},"1":{"loc":{"start":{"line":15,"column":2},"end":{"line":31,"column":3}},"type":"if","locations":[{"start":{"line":15,"column":2},"end":{"line":31,"column":3}}]},"2":{"loc":{"start":{"line":16,"column":4},"end":{"line":18,"column":38}},"type":"binary-expr","locations":[{"start":{"line":16,"column":4},"end":{"line":16,"column":36}},{"start":{"line":17,"column":4},"end":{"line":17,"column":29}},{"start":{"line":18,"column":4},"end":{"line":18,"column":38}}]},"3":{"loc":{"start":{"line":21,"column":4},"end":{"line":23,"column":5}},"type":"if","locations":[{"start":{"line":21,"column":4},"end":{"line":23,"column":5}}]},"4":{"loc":{"start":{"line":24,"column":4},"end":{"line":27,"column":5}},"type":"if","locations":[{"start":{"line":24,"column":4},"end":{"line":27,"column":5}}]},"5":{"loc":{"start":{"line":24,"column":8},"end":{"line":24,"column":73}},"type":"binary-expr","locations":[{"start":{"line":24,"column":8},"end":{"line":24,"column":35}},{"start":{"line":24,"column":39},"end":{"line":24,"column":73}}]},"6":{"loc":{"start":{"line":28,"column":4},"end":{"line":30,"column":5}},"type":"if","locations":[{"start":{"line":28,"column":4},"end":{"line":30,"column":5}}]},"7":{"loc":{"start":{"line":28,"column":34},"end":{"line":28,"column":51}},"type":"cond-expr","locations":[{"start":{"line":28,"column":45},"end":{"line":28,"column":49}},{"start":{"line":28,"column":49},"end":{"line":28,"column":51}}]},"8":{"loc":{"start":{"line":28,"column":34},"end":{"line":28,"column":49}},"type":"binary-expr","locations":[{"start":{"line":28,"column":34},"end":{"line":28,"column":49}},{"start":{"line":28,"column":45},"end":{"line":28,"column":49}}]},"9":{"loc":{"start":{"line":44,"column":7},"end":{"line":44,"column":29}},"type":"cond-expr","locations":[{"start":{"line":44,"column":23},"end":{"line":44,"column":27}},{"start":{"line":44,"column":27},"end":{"line":44,"column":29}}]},"10":{"loc":{"start":{"line":44,"column":7},"end":{"line":44,"column":27}},"type":"binary-expr","locations":[{"start":{"line":44,"column":7},"end":{"line":44,"column":27}},{"start":{"line":44,"column":23},"end":{"line":44,"column":27}}]},"11":{"loc":{"start":{"line":51,"column":4},"end":{"line":55,"column":5}},"type":"if","locations":[{"start":{"line":51,"column":4},"end":{"line":55,"column":5}},{"start":{"line":53,"column":11},"end":{"line":55,"column":5}}]},"12":{"loc":{"start":{"line":64,"column":2},"end":{"line":70,"column":3}},"type":"if","locations":[{"start":{"line":64,"column":2},"end":{"line":70,"column":3}}]},"13":{"loc":{"start":{"line":65,"column":4},"end":{"line":67,"column":47}},"type":"binary-expr","locations":[{"start":{"line":65,"column":4},"end":{"line":65,"column":18}},{"start":{"line":66,"column":4},"end":{"line":66,"column":15}},{"start":{"line":67,"column":4},"end":{"line":67,"column":47}}]},"14":{"loc":{"start":{"line":74,"column":2},"end":{"line":83,"column":3}},"type":"if","locations":[{"start":{"line":74,"column":2},"end":{"line":83,"column":3}}]},"15":{"loc":{"start":{"line":74,"column":6},"end":{"line":74,"column":50}},"type":"binary-expr","locations":[{"start":{"line":74,"column":6},"end":{"line":74,"column":17}},{"start":{"line":74,"column":21},"end":{"line":74,"column":50}}]},"16":{"loc":{"start":{"line":89,"column":2},"end":{"line":101,"column":3}},"type":"if","locations":[{"start":{"line":89,"column":2},"end":{"line":101,"column":3}}]},"17":{"loc":{"start":{"line":92,"column":4},"end":{"line":100,"column":5}},"type":"if","locations":[{"start":{"line":92,"column":4},"end":{"line":100,"column":5}},{"start":{"line":98,"column":11},"end":{"line":100,"column":5}}]},"18":{"loc":{"start":{"line":93,"column":6},"end":{"line":95,"column":49}},"type":"binary-expr","locations":[{"start":{"line":93,"column":6},"end":{"line":93,"column":20}},{"start":{"line":94,"column":6},"end":{"line":94,"column":17}},{"start":{"line":95,"column":6},"end":{"line":95,"column":49}}]},"19":{"loc":{"start":{"line":102,"column":2},"end":{"line":112,"column":3}},"type":"if","locations":[{"start":{"line":102,"column":2},"end":{"line":112,"column":3}}]},"20":{"loc":{"start":{"line":109,"column":4},"end":{"line":111,"column":5}},"type":"if","locations":[{"start":{"line":109,"column":4},"end":{"line":111,"column":5}}]}},"s":{"0":1,"1":1,"2":1,"3":8,"4":4,"5":8,"6":1,"7":1,"8":0,"9":1,"10":0,"11":1,"12":1,"13":1,"14":1,"15":1,"16":0,"17":0,"18":0,"19":0,"20":1,"21":0,"22":0,"23":0,"24":1,"25":1,"26":1,"27":1,"28":0,"29":0,"30":0,"31":0,"32":0,"33":0,"34":0,"35":0,"36":0,"37":0,"38":0,"39":0,"40":0,"41":0},"f":{"0":8,"1":1,"2":0,"3":0,"4":0,"5":1,"6":0},"b":{"0":[4],"1":[1],"2":[8,2,2],"3":[0],"4":[0],"5":[1,1],"6":[1],"7":[1,0],"8":[1,1],"9":[1,0],"10":[1,1],"11":[0,0],"12":[0],"13":[0,0,0],"14":[1],"15":[1,1],"16":[0],"17":[0,0],"18":[0,0,0],"19":[0],"20":[0]}}
,"D:\\CODE\\chrome extension\\myTest\\src\\options.ts": {"path":"D:\\CODE\\chrome extension\\myTest\\src\\options.ts","statementMap":{"0":{"start":{"line":2,"column":0},"end":{"line":2,"column":22}},"1":{"start":{"line":4,"column":0},"end":{"line":33,"column":null}},"2":{"start":{"line":5,"column":17},"end":{"line":5,"column":37}},"3":{"start":{"line":6,"column":22},"end":{"line":6,"column":46}},"4":{"start":{"line":7,"column":16},"end":{"line":7,"column":75}},"5":{"start":{"line":8,"column":2},"end":{"line":8,"column":null}},"6":{"start":{"line":9,"column":2},"end":{"line":32,"column":null}},"7":{"start":{"line":10,"column":4},"end":{"line":31,"column":5}},"8":{"start":{"line":11,"column":36},"end":{"line":11,"column":54}},"9":{"start":{"line":12,"column":42},"end":{"line":12,"column":80}},"10":{"start":{"line":13,"column":6},"end":{"line":13,"column":null}},"11":{"start":{"line":15,"column":6},"end":{"line":30,"column":null}},"12":{"start":{"line":18,"column":35},"end":{"line":18,"column":73}},"13":{"start":{"line":19,"column":10},"end":{"line":26,"column":11}},"14":{"start":{"line":20,"column":12},"end":{"line":25,"column":13}},"15":{"start":{"line":21,"column":14},"end":{"line":24,"column":null}},"16":{"start":{"line":29,"column":10},"end":{"line":29,"column":null}}},"fnMap":{"0":{"name":"(anonymous_0)","decl":{"start":{"line":4,"column":30},"end":{"line":4,"column":31}},"loc":{"start":{"line":4,"column":39},"end":{"line":33,"column":1}}},"1":{"name":"(anonymous_1)","decl":{"start":{"line":9,"column":35},"end":{"line":9,"column":36}},"loc":{"start":{"line":9,"column":45},"end":{"line":32,"column":3}}},"2":{"name":"(anonymous_2)","decl":{"start":{"line":17,"column":14},"end":{"line":17,"column":15}},"loc":{"start":{"line":17,"column":23},"end":{"line":27,"column":9}}},"3":{"name":"(anonymous_3)","decl":{"start":{"line":21,"column":61},"end":{"line":21,"column":64}},"loc":{"start":{"line":21,"column":66},"end":{"line":24,"column":15}}},"4":{"name":"(anonymous_4)","decl":{"start":{"line":28,"column":15},"end":{"line":28,"column":16}},"loc":{"start":{"line":28,"column":34},"end":{"line":30,"column":9}}}},"branchMap":{"0":{"loc":{"start":{"line":6,"column":22},"end":{"line":6,"column":46}},"type":"cond-expr","locations":[{"start":{"line":6,"column":40},"end":{"line":6,"column":44}},{"start":{"line":6,"column":44},"end":{"line":6,"column":46}}]},"1":{"loc":{"start":{"line":6,"column":22},"end":{"line":6,"column":44}},"type":"binary-expr","locations":[{"start":{"line":6,"column":22},"end":{"line":6,"column":44}},{"start":{"line":6,"column":40},"end":{"line":6,"column":44}}]},"2":{"loc":{"start":{"line":10,"column":4},"end":{"line":31,"column":5}},"type":"if","locations":[{"start":{"line":10,"column":4},"end":{"line":31,"column":5}}]},"3":{"loc":{"start":{"line":20,"column":12},"end":{"line":25,"column":13}},"type":"if","locations":[{"start":{"line":20,"column":12},"end":{"line":25,"column":13}}]}},"s":{"0":0,"1":0,"2":0,"3":0,"4":0,"5":0,"6":0,"7":0,"8":0,"9":0,"10":0,"11":0,"12":0,"13":0,"14":0,"15":0,"16":0},"f":{"0":0,"1":0,"2":0,"3":0,"4":0},"b":{"0":[0,0],"1":[0,0],"2":[0],"3":[0]}}
,"D:\\CODE\\chrome extension\\myTest\\src\\popup.ts": {"path":"D:\\CODE\\chrome extension\\myTest\\src\\popup.ts","statementMap":{"0":{"start":{"line":1,"column":0},"end":{"line":1,"column":39}},"1":{"start":{"line":2,"column":0},"end":{"line":2,"column":20}},"2":{"start":{"line":4,"column":0},"end":{"line":4,"column":null}},"3":{"start":{"line":7,"column":17},"end":{"line":7,"column":71}},"4":{"start":{"line":8,"column":0},"end":{"line":11,"column":null}},"5":{"start":{"line":9,"column":2},"end":{"line":9,"column":null}},"6":{"start":{"line":10,"column":2},"end":{"line":10,"column":null}},"7":{"start":{"line":12,"column":0},"end":{"line":43,"column":null}},"8":{"start":{"line":12,"column":52},"end":{"line":43,"column":2}},"9":{"start":{"line":13,"column":2},"end":{"line":42,"column":3}},"10":{"start":{"line":14,"column":4},"end":{"line":14,"column":null}},"11":{"start":{"line":15,"column":4},"end":{"line":15,"column":null}},"12":{"start":{"line":17,"column":17},"end":{"line":17,"column":44}},"13":{"start":{"line":18,"column":4},"end":{"line":33,"column":5}},"14":{"start":{"line":21,"column":6},"end":{"line":32,"column":null}},"15":{"start":{"line":24,"column":10},"end":{"line":28,"column":null}},"16":{"start":{"line":31,"column":10},"end":{"line":31,"column":null}},"17":{"start":{"line":34,"column":4},"end":{"line":41,"column":null}},"18":{"start":{"line":37,"column":8},"end":{"line":37,"column":null}},"19":{"start":{"line":40,"column":8},"end":{"line":40,"column":null}},"20":{"start":{"line":46,"column":14},"end":{"line":46,"column":65}},"21":{"start":{"line":47,"column":0},"end":{"line":49,"column":null}},"22":{"start":{"line":48,"column":2},"end":{"line":48,"column":null}},"23":{"start":{"line":50,"column":0},"end":{"line":54,"column":null}},"24":{"start":{"line":51,"column":2},"end":{"line":53,"column":3}},"25":{"start":{"line":52,"column":4},"end":{"line":52,"column":null}},"26":{"start":{"line":57,"column":23},"end":{"line":57,"column":63}},"27":{"start":{"line":58,"column":0},"end":{"line":72,"column":1}},"28":{"start":{"line":59,"column":2},"end":{"line":59,"column":null}},"29":{"start":{"line":61,"column":2},"end":{"line":71,"column":null}},"30":{"start":{"line":64,"column":4},"end":{"line":70,"column":5}},"31":{"start":{"line":65,"column":6},"end":{"line":67,"column":null}},"32":{"start":{"line":66,"column":8},"end":{"line":66,"column":null}},"33":{"start":{"line":69,"column":6},"end":{"line":69,"column":null}}},"fnMap":{"0":{"name":"(anonymous_7)","decl":{"start":{"line":8,"column":35},"end":{"line":8,"column":36}},"loc":{"start":{"line":8,"column":44},"end":{"line":11,"column":1}}},"1":{"name":"(anonymous_8)","decl":{"start":{"line":12,"column":36},"end":{"line":12,"column":43}},"loc":{"start":{"line":12,"column":52},"end":{"line":43,"column":2}}},"2":{"name":"(anonymous_9)","decl":{"start":{"line":12,"column":52},"end":{"line":12,"column":null}},"loc":{"start":{"line":12,"column":52},"end":{"line":43,"column":1}}},"3":{"name":"(anonymous_10)","decl":{"start":{"line":23,"column":14},"end":{"line":23,"column":15}},"loc":{"start":{"line":23,"column":27},"end":{"line":29,"column":9}}},"4":{"name":"(anonymous_11)","decl":{"start":{"line":30,"column":15},"end":{"line":30,"column":16}},"loc":{"start":{"line":30,"column":25},"end":{"line":32,"column":9}}},"5":{"name":"(anonymous_12)","decl":{"start":{"line":36,"column":12},"end":{"line":36,"column":13}},"loc":{"start":{"line":36,"column":25},"end":{"line":38,"column":7}}},"6":{"name":"(anonymous_13)","decl":{"start":{"line":39,"column":13},"end":{"line":39,"column":14}},"loc":{"start":{"line":39,"column":23},"end":{"line":41,"column":7}}},"7":{"name":"(anonymous_14)","decl":{"start":{"line":47,"column":32},"end":{"line":47,"column":33}},"loc":{"start":{"line":47,"column":41},"end":{"line":49,"column":1}}},"8":{"name":"(anonymous_15)","decl":{"start":{"line":50,"column":33},"end":{"line":50,"column":34}},"loc":{"start":{"line":50,"column":43},"end":{"line":54,"column":1}}},"9":{"name":"(anonymous_16)","decl":{"start":{"line":61,"column":43},"end":{"line":61,"column":null}},"loc":{"start":{"line":61,"column":43},"end":{"line":71,"column":3}}},"10":{"name":"(anonymous_17)","decl":{"start":{"line":65,"column":45},"end":{"line":65,"column":46}},"loc":{"start":{"line":65,"column":64},"end":{"line":67,"column":7}}}},"branchMap":{"0":{"loc":{"start":{"line":13,"column":2},"end":{"line":42,"column":3}},"type":"if","locations":[{"start":{"line":13,"column":2},"end":{"line":42,"column":3}}]},"1":{"loc":{"start":{"line":48,"column":16},"end":{"line":48,"column":31}},"type":"binary-expr","locations":[{"start":{"line":48,"column":16},"end":{"line":48,"column":25}},{"start":{"line":48,"column":29},"end":{"line":48,"column":31}}]},"2":{"loc":{"start":{"line":51,"column":2},"end":{"line":53,"column":3}},"type":"if","locations":[{"start":{"line":51,"column":2},"end":{"line":53,"column":3}}]},"3":{"loc":{"start":{"line":58,"column":0},"end":{"line":72,"column":1}},"type":"if","locations":[{"start":{"line":58,"column":0},"end":{"line":72,"column":1}},{"start":{"line":60,"column":7},"end":{"line":72,"column":1}}]},"4":{"loc":{"start":{"line":64,"column":4},"end":{"line":70,"column":5}},"type":"if","locations":[{"start":{"line":64,"column":4},"end":{"line":70,"column":5}},{"start":{"line":68,"column":11},"end":{"line":70,"column":5}}]}},"s":{"0":0,"1":0,"2":0,"3":0,"4":0,"5":0,"6":0,"7":0,"8":0,"9":0,"10":0,"11":0,"12":0,"13":0,"14":0,"15":0,"16":0,"17":0,"18":0,"19":0,"20":0,"21":0,"22":0,"23":0,"24":0,"25":0,"26":0,"27":0,"28":0,"29":0,"30":0,"31":0,"32":0,"33":0},"f":{"0":0,"1":0,"2":0,"3":0,"4":0,"5":0,"6":0,"7":0,"8":0,"9":0,"10":0},"b":{"0":[0],"1":[0,0],"2":[0],"3":[0,0],"4":[0,0]}}
}
