TN:
SF:src\background.ts
FN:3,startUp
FN:4,(anonymous_1)
FN:13,(anonymous_2)
FNF:3
FNH:0
FNDA:0,startUp
FNDA:0,(anonymous_1)
FNDA:0,(anonymous_2)
DA:1,0
DA:4,0
DA:5,0
DA:10,0
DA:11,0
DA:13,0
DA:14,0
DA:15,0
DA:20,0
LF:9
LH:0
BRDA:14,0,0,0
BRF:1
BRH:0
end_of_record
TN:
SF:src\common.ts
FN:1,setBadgeText
FNF:1
FNH:0
FNDA:0,setBadgeText
DA:1,0
DA:2,0
DA:3,0
LF:3
LH:0
BRDA:2,0,0,0
BRDA:2,0,1,0
BRF:2
BRH:0
end_of_record
TN:
SF:src\content.ts
FN:11,processNode
FN:34,blurElement
FN:49,(anonymous_2)
FN:50,(anonymous_3)
FN:60,(anonymous_4)
FN:73,observe
FN:87,(anonymous_6)
FNF:7
FNH:3
FNDA:8,processNode
FNDA:1,blurElement
FNDA:0,(anonymous_2)
FNDA:0,(anonymous_3)
FNDA:0,(anonymous_4)
FNDA:1,observe
FNDA:0,(anonymous_6)
DA:3,1
DA:4,1
DA:12,8
DA:13,4
DA:15,8
DA:20,1
DA:21,1
DA:22,0
DA:24,1
DA:26,0
DA:28,1
DA:29,1
DA:35,1
DA:36,1
DA:49,1
DA:50,0
DA:51,0
DA:52,0
DA:54,0
DA:60,1
DA:62,0
DA:64,0
DA:69,0
DA:73,1
DA:74,1
DA:75,1
DA:82,1
DA:87,1
DA:88,0
DA:89,0
DA:90,0
DA:91,0
DA:92,0
DA:97,0
DA:99,0
DA:102,0
DA:103,0
DA:108,0
DA:109,0
DA:110,0
DA:113,0
DA:117,0
LF:42
LH:19
BRDA:12,0,0,4
BRDA:15,1,0,1
BRDA:16,2,0,8
BRDA:16,2,1,2
BRDA:16,2,2,2
BRDA:21,3,0,0
BRDA:24,4,0,0
BRDA:24,5,0,1
BRDA:24,5,1,1
BRDA:28,6,0,1
BRDA:28,7,0,1
BRDA:28,7,1,0
BRDA:28,8,0,1
BRDA:28,8,1,1
BRDA:44,9,0,1
BRDA:44,9,1,0
BRDA:44,10,0,1
BRDA:44,10,1,1
BRDA:51,11,0,0
BRDA:51,11,1,0
BRDA:64,12,0,0
BRDA:65,13,0,0
BRDA:65,13,1,0
BRDA:65,13,2,0
BRDA:74,14,0,1
BRDA:74,15,0,1
BRDA:74,15,1,1
BRDA:89,16,0,0
BRDA:92,17,0,0
BRDA:92,17,1,0
BRDA:93,18,0,0
BRDA:93,18,1,0
BRDA:93,18,2,0
BRDA:102,19,0,0
BRDA:109,20,0,0
BRF:35
BRH:17
end_of_record
TN:
SF:src\options.ts
FN:4,(anonymous_0)
FN:9,(anonymous_1)
FN:17,(anonymous_2)
FN:21,(anonymous_3)
FN:28,(anonymous_4)
FNF:5
FNH:0
FNDA:0,(anonymous_0)
FNDA:0,(anonymous_1)
FNDA:0,(anonymous_2)
FNDA:0,(anonymous_3)
FNDA:0,(anonymous_4)
DA:2,0
DA:4,0
DA:5,0
DA:6,0
DA:7,0
DA:8,0
DA:9,0
DA:10,0
DA:11,0
DA:12,0
DA:13,0
DA:15,0
DA:18,0
DA:19,0
DA:20,0
DA:21,0
DA:29,0
LF:17
LH:0
BRDA:6,0,0,0
BRDA:6,0,1,0
BRDA:6,1,0,0
BRDA:6,1,1,0
BRDA:10,2,0,0
BRDA:20,3,0,0
BRF:6
BRH:0
end_of_record
TN:
SF:src\popup.ts
FN:8,(anonymous_7)
FN:12,(anonymous_8)
FN:12,(anonymous_9)
FN:23,(anonymous_10)
FN:30,(anonymous_11)
FN:36,(anonymous_12)
FN:39,(anonymous_13)
FN:47,(anonymous_14)
FN:50,(anonymous_15)
FN:61,(anonymous_16)
FN:65,(anonymous_17)
FNF:11
FNH:0
FNDA:0,(anonymous_7)
FNDA:0,(anonymous_8)
FNDA:0,(anonymous_9)
FNDA:0,(anonymous_10)
FNDA:0,(anonymous_11)
FNDA:0,(anonymous_12)
FNDA:0,(anonymous_13)
FNDA:0,(anonymous_14)
FNDA:0,(anonymous_15)
FNDA:0,(anonymous_16)
FNDA:0,(anonymous_17)
DA:1,0
DA:2,0
DA:4,0
DA:7,0
DA:8,0
DA:9,0
DA:10,0
DA:12,0
DA:13,0
DA:14,0
DA:15,0
DA:17,0
DA:18,0
DA:21,0
DA:24,0
DA:31,0
DA:34,0
DA:37,0
DA:40,0
DA:46,0
DA:47,0
DA:48,0
DA:50,0
DA:51,0
DA:52,0
DA:57,0
DA:58,0
DA:59,0
DA:61,0
DA:64,0
DA:65,0
DA:66,0
DA:69,0
LF:33
LH:0
BRDA:13,0,0,0
BRDA:48,1,0,0
BRDA:48,1,1,0
BRDA:51,2,0,0
BRDA:58,3,0,0
BRDA:58,3,1,0
BRDA:64,4,0,0
BRDA:64,4,1,0
BRF:8
BRH:0
end_of_record
